<?xml version="1.0" encoding="UTF-8"?>
<!-- Generated by org.testng.reporters.JUnitXMLReporter -->
<testsuite ignored="0" hostname="SANDEEP_N_REDDY" failures="2" tests="4" name="Test" time="29.634" errors="0" timestamp="2021-12-18T15:36:39 IST">
  <testcase classname="Assessment_Automation.Automation.loginPage" name="aUserLogin" time="10.569"/>
  <testcase classname="Assessment_Automation.Automation.loginPage" name="bInvalidlogin" time="13.786"/>
  <testcase classname="Assessment_Automation.Automation.loginPage" name="getGoldColor" time="5.201">
    <failure type="java.lang.AssertionError" message="expected [#FECC160] but found [#FDCC16]">
      <![CDATA[java.lang.AssertionError: expected [#FECC160] but found [#FDCC16]
at Assessment_Automation.Automation.loginPage.getGoldColor(loginPage.java:77)
at java.base/java.util.ArrayList.forEach(ArrayList.java:1511)
... Removed 33 stack frames]]>
    </failure>
  </testcase> <!-- getGoldColor -->
  <testcase classname="Assessment_Automation.Automation.loginPage" name="getGoldColor" time="5.21">
    <failure type="java.lang.NullPointerException" message="Cannot invoke &amp;quot;org.openqa.selenium.TakesScreenshot.getScreenshotAs(org.openqa.selenium.OutputType)&amp;quot; because &amp;quot;pic&amp;quot; is null">
      <![CDATA[java.lang.NullPointerException: Cannot invoke "org.openqa.selenium.TakesScreenshot.getScreenshotAs(org.openqa.selenium.OutputType)" because "pic" is null
at Assessment_Automation.Automation.chromeClass.screenShot(chromeClass.java:33)
at Assessment_Automation.Automation.defectScreenshots.onTestFailure(defectScreenshots.java:32)
at java.base/java.util.ArrayList.forEach(ArrayList.java:1511)
... Removed 24 stack frames]]>
    </failure>
  </testcase> <!-- getGoldColor -->
</testsuite> <!-- Test -->
