<?xml version="1.0" encoding="UTF-8"?>
<!-- Generated by org.testng.reporters.JUnitXMLReporter -->
<testsuite ignored="0" hostname="SANDEEP_N_REDDY" failures="7" tests="18" name="Test" time="746.345" errors="0" timestamp="2021-12-20T11:43:07 IST">
  <testcase classname="Assessment_Automation.Automation.otherKudos" name="kudosActivityClick" time="56.76"/>
  <testcase classname="Assessment_Automation.Automation.otherKudos" name="kudosFromMeClick" time="16.684"/>
  <testcase classname="Assessment_Automation.Automation.otherKudos" name="kudosToMeClick" time="16.107"/>
  <testcase classname="Assessment_Automation.Automation.otherKudos" name="recentKudosCount" time="37.167"/>
  <testcase classname="Assessment_Automation.Automation.otherKudos" name="sendSelfKudos" time="21.258">
    <failure type="java.lang.AssertionError" message="expected [true] but found [false]">
      <![CDATA[java.lang.AssertionError: expected [true] but found [false]
at Assessment_Automation.Automation.otherKudos.sendSelfKudos(otherKudos.java:110)
at java.base/java.util.ArrayList.forEach(ArrayList.java:1541)
... Removed 35 stack frames]]>
    </failure>
  </testcase> <!-- sendSelfKudos -->
  <testcase classname="Assessment_Automation.Automation.loginPage" name="aUserLogin" time="20.842"/>
  <testcase classname="Assessment_Automation.Automation.loginPage" name="bInvalidlogin" time="12.293"/>
  <testcase classname="Assessment_Automation.Automation.loginPage" name="getGoldColor" time="5.845">
    <failure type="java.lang.AssertionError" message="expected [#FECC160] but found [#FDCC16]">
      <![CDATA[java.lang.AssertionError: expected [#FECC160] but found [#FDCC16]
at Assessment_Automation.Automation.loginPage.getGoldColor(loginPage.java:77)
at java.base/java.util.ArrayList.forEach(ArrayList.java:1541)
... Removed 37 stack frames]]>
    </failure>
  </testcase> <!-- getGoldColor -->
  <testcase classname="Assessment_Automation.Automation.loginPage" name="getNavyColor" time="18.331"/>
  <testcase classname="Assessment_Automation.Automation.loginPage" name="getWhiteColor" time="8.163">
    <failure type="java.lang.AssertionError" message="expected [#939598] but found [#FFFFFF]">
      <![CDATA[java.lang.AssertionError: expected [#939598] but found [#FFFFFF]
at Assessment_Automation.Automation.loginPage.getWhiteColor(loginPage.java:89)
at java.base/java.util.ArrayList.forEach(ArrayList.java:1541)
... Removed 37 stack frames]]>
    </failure>
  </testcase> <!-- getWhiteColor -->
  <testcase classname="Assessment_Automation.Automation.loginPage" name="titleVerification" time="21.634"/>
  <testcase classname="Assessment_Automation.Automation.kudosPage" name="kudosSend" time="32.415">
    <failure type="java.lang.AssertionError" message="expected [true] but found [false]">
      <![CDATA[java.lang.AssertionError: expected [true] but found [false]
at Assessment_Automation.Automation.kudosPage.kudosSend(kudosPage.java:45)
at java.base/java.util.ArrayList.forEach(ArrayList.java:1541)
... Removed 35 stack frames]]>
    </failure>
  </testcase> <!-- kudosSend -->
  <testcase classname="Assessment_Automation.Automation.kudosPage" name="kudosSendFailure" time="125.341"/>
  <testcase classname="Assessment_Automation.Automation.recentKudosPage" name="recentContKudos" time="49.9">
    <failure type="java.lang.AssertionError" message="expected [true] but found [false]">
      <![CDATA[java.lang.AssertionError: expected [true] but found [false]
at Assessment_Automation.Automation.recentKudosPage.recentContKudos(recentKudosPage.java:45)
at java.base/java.util.ArrayList.forEach(ArrayList.java:1541)
... Removed 35 stack frames]]>
    </failure>
  </testcase> <!-- recentContKudos -->
  <testcase classname="Assessment_Automation.Automation.homePage" name="imageVerifcation" time="25.766">
    <failure type="java.lang.AssertionError" message="expected [true] but found [false]">
      <![CDATA[java.lang.AssertionError: expected [true] but found [false]
at Assessment_Automation.Automation.homePage.imageVerifcation(homePage.java:45)
at java.base/java.util.ArrayList.forEach(ArrayList.java:1541)
... Removed 35 stack frames]]>
    </failure>
  </testcase> <!-- imageVerifcation -->
  <testcase classname="Assessment_Automation.Automation.homePage" name="nameVerification" time="83.17">
    <failure type="java.lang.AssertionError" message="expected [Sandeep N] but found []">
      <![CDATA[java.lang.AssertionError: expected [Sandeep N] but found []
at Assessment_Automation.Automation.homePage.nameVerification(homePage.java:35)
at java.base/java.util.ArrayList.forEach(ArrayList.java:1541)
... Removed 37 stack frames]]>
    </failure>
  </testcase> <!-- nameVerification -->
  <testcase classname="Assessment_Automation.Automation.homePage" name="titleVerification" time="143.576"/>
  <testcase classname="Assessment_Automation.Automation.kudosSearchPage" name="kudosSearchClick" time="50.866"/>
</testsuite> <!-- Test -->
